<?xml version="1.0" encoding="UTF-8"?>
<!-- Generated by org.testng.reporters.JUnitReportReporter -->
<testsuite hostname="Jamilas-MacBook-Air.local" failures="0" tests="4" name="RestAPI.CapitalCityAPI" time="11.009" errors="0" timestamp="2022-05-03T14:26:02 PDT" skipped="0">
  <testcase classname="RestAPI.CapitalCityAPI" name="testWithCityName_pstTest" time="1.496"/>
  <system-out/>
  <testcase classname="RestAPI.CapitalCityAPI" name="testWithCityCode_ngtTest" time="5.093"/>
  <system-out/>
  <testcase classname="RestAPI.CapitalCityAPI" name="testWithCityCode_pstTest" time="3.021"/>
  <system-out/>
  <testcase classname="RestAPI.CapitalCityAPI" name="testWithCityName_ngtTest" time="1.399"/>
  <system-out/>
</testsuite> <!-- RestAPI.CapitalCityAPI -->
