<?xml version="1.0" encoding="UTF-8"?>
<!-- Generated by org.testng.reporters.JUnitReportReporter -->
<testsuite hostname="Jamilas-MacBook-Air.local" failures="0" tests="4" name="RestAPI.CapitalCityAPI" time="8.635" errors="0" timestamp="2022-05-03T19:17:34 PDT" skipped="0">
  <testcase classname="RestAPI.CapitalCityAPI" name="testWithCityName_pstTest" time="1.464"/>
  <system-out/>
  <testcase classname="RestAPI.CapitalCityAPI" name="testWithCityName_ngtTest" time="1.432"/>
  <system-out/>
  <testcase classname="RestAPI.CapitalCityAPI" name="testWithCityCode_ngtTest" time="3.179"/>
  <system-out/>
  <testcase classname="RestAPI.CapitalCityAPI" name="testWithCityCode_pstTest" time="2.560"/>
  <system-out/>
</testsuite> <!-- RestAPI.CapitalCityAPI -->
